[23:08:06] [main/INFO]: Loading Minecraft 1.20.1 with Fabric Loader 0.18.2
[23:08:06] [main/INFO]: Fabric is preparing JARs on first launch, this may take a few seconds...
[23:08:06] [main/INFO]: Loading 4 mods:
	- fabricloader 0.18.2
	   \-- mixinextras 0.5.0
	- java 17
	- minecraft 1.20.1
[23:08:06] [main/INFO]: SpongePowered MIXIN Subsystem Version=0.8.7 Source=file:/workspaces/SamuRep/servidor_minecraft/libraries/net/fabricmc/sponge-mixin/0.16.5+mixin.0.8.7/sponge-mixin-0.16.5+mixin.0.8.7.jar Service=Knot/Fabric Env=SERVER
[23:08:11] [main/INFO]: Environment: authHost='https://authserver.mojang.com', accountsHost='https://api.mojang.com', sessionHost='https://sessionserver.mojang.com', servicesHost='https://api.minecraftservices.com', name='PROD'
[23:08:13] [main/INFO]: Loaded 7 recipes
[23:08:13] [main/INFO]: Loaded 1271 advancements
[23:08:14] [Server thread/INFO]: Starting minecraft server version 1.20.1
[23:08:14] [Server thread/INFO]: Loading properties
[23:08:14] [Server thread/INFO]: Default game type: SURVIVAL
[23:08:14] [Server thread/INFO]: Generating keypair
[23:08:14] [Server thread/INFO]: Starting Minecraft server on *:25565
[23:08:14] [Server thread/INFO]: Using epoll channel type
[23:08:14] [Server thread/WARN]: **** SERVER IS RUNNING IN OFFLINE/INSECURE MODE!
[23:08:14] [Server thread/WARN]: The server will make no attempt to authenticate usernames. Beware.
[23:08:14] [Server thread/WARN]: While this makes the game possible to play without internet access, it also opens up the ability for hackers to connect with any username they choose.
[23:08:14] [Server thread/WARN]: To change this, set "online-mode" to "true" in the server.properties file.
[23:08:14] [Server thread/INFO]: Preparing level "world"
[23:08:19] [Server thread/INFO]: Preparing start region for dimension minecraft:overworld
[23:08:20] [Worker-Main-2/INFO]: Preparing spawn area: 0%
[23:08:20] [Worker-Main-3/INFO]: Preparing spawn area: 0%
[23:08:20] [Worker-Main-1/INFO]: Preparing spawn area: 0%
[23:08:21] [Worker-Main-3/INFO]: Preparing spawn area: 0%
[23:08:21] [Worker-Main-3/INFO]: Preparing spawn area: 0%
[23:08:22] [Worker-Main-3/INFO]: Preparing spawn area: 0%
[23:08:22] [Worker-Main-3/INFO]: Preparing spawn area: 1%
[23:08:23] [Worker-Main-1/INFO]: Preparing spawn area: 2%
[23:08:23] [Worker-Main-2/INFO]: Preparing spawn area: 3%
[23:08:24] [Worker-Main-1/INFO]: Preparing spawn area: 5%
[23:08:24] [Worker-Main-1/INFO]: Preparing spawn area: 6%
[23:08:25] [Worker-Main-2/INFO]: Preparing spawn area: 6%
[23:08:25] [Worker-Main-3/INFO]: Preparing spawn area: 7%
[23:08:26] [Worker-Main-3/INFO]: Preparing spawn area: 9%
[23:08:26] [Worker-Main-2/INFO]: Preparing spawn area: 10%
[23:08:27] [Worker-Main-2/INFO]: Preparing spawn area: 11%
[23:08:27] [Worker-Main-1/INFO]: Preparing spawn area: 12%
[23:08:28] [Worker-Main-1/INFO]: Preparing spawn area: 14%
[23:08:28] [Worker-Main-1/INFO]: Preparing spawn area: 16%
[23:08:29] [Worker-Main-1/INFO]: Preparing spawn area: 17%
[23:08:29] [Worker-Main-3/INFO]: Preparing spawn area: 18%
[23:08:30] [Worker-Main-2/INFO]: Preparing spawn area: 21%
[23:08:31] [Worker-Main-2/INFO]: Preparing spawn area: 22%
[23:08:31] [Worker-Main-1/INFO]: Preparing spawn area: 22%
[23:08:31] [Worker-Main-1/INFO]: Preparing spawn area: 22%
[23:08:32] [Worker-Main-2/INFO]: Preparing spawn area: 23%
[23:08:32] [Worker-Main-1/INFO]: Preparing spawn area: 25%
[23:08:33] [Worker-Main-1/INFO]: Preparing spawn area: 28%
[23:08:33] [Worker-Main-1/INFO]: Preparing spawn area: 30%
[23:08:34] [Worker-Main-3/INFO]: Preparing spawn area: 32%
[23:08:35] [Worker-Main-2/INFO]: Preparing spawn area: 32%
[23:08:35] [Worker-Main-3/INFO]: Preparing spawn area: 33%
[23:08:35] [Worker-Main-1/INFO]: Preparing spawn area: 35%
[23:08:36] [Worker-Main-1/INFO]: Preparing spawn area: 37%
[23:08:36] [Worker-Main-3/INFO]: Preparing spawn area: 40%
[23:08:37] [Worker-Main-1/INFO]: Preparing spawn area: 42%
[23:08:37] [Worker-Main-1/INFO]: Preparing spawn area: 43%
[23:08:38] [Worker-Main-2/INFO]: Preparing spawn area: 46%
[23:08:38] [Worker-Main-1/INFO]: Preparing spawn area: 48%
[23:08:39] [Worker-Main-2/INFO]: Preparing spawn area: 52%
[23:08:39] [Worker-Main-2/INFO]: Preparing spawn area: 54%
[23:08:40] [Worker-Main-2/INFO]: Preparing spawn area: 56%
[23:08:40] [Worker-Main-3/INFO]: Preparing spawn area: 58%
[23:08:41] [Worker-Main-1/INFO]: Preparing spawn area: 62%
[23:08:41] [Worker-Main-2/INFO]: Preparing spawn area: 65%
[23:08:42] [Worker-Main-1/INFO]: Preparing spawn area: 68%
[23:08:42] [Worker-Main-1/INFO]: Preparing spawn area: 69%
[23:08:43] [Worker-Main-1/INFO]: Preparing spawn area: 72%
[23:08:43] [Worker-Main-2/INFO]: Preparing spawn area: 75%
[23:08:44] [Worker-Main-3/INFO]: Preparing spawn area: 78%
[23:08:44] [Worker-Main-3/INFO]: Preparing spawn area: 81%
[23:08:45] [Worker-Main-1/INFO]: Preparing spawn area: 84%
[23:08:45] [Worker-Main-3/INFO]: Preparing spawn area: 85%
[23:08:46] [Worker-Main-3/INFO]: Preparing spawn area: 87%
[23:08:46] [Worker-Main-2/INFO]: Preparing spawn area: 90%
[23:08:47] [Worker-Main-2/INFO]: Preparing spawn area: 94%
[23:08:47] [Worker-Main-1/INFO]: Preparing spawn area: 97%
[23:08:48] [Server thread/INFO]: Time elapsed: 28348 ms
[23:08:48] [Server thread/INFO]: Done (33.778s)! For help, type "help"
[23:08:54] [Server thread/INFO]: Unknown or incomplete command, see below for error
[23:08:54] [Server thread/INFO]: ip<--[HERE]
[23:08:59] [Server thread/INFO]: Unknown or incomplete command, see below for error
[23:08:59] [Server thread/INFO]: ip<--[HERE]
